Bruxish Bruxish из команды красных вступает в бой!
Snorunt Snorunt из команды черных вступает в бой!
Bruxish Bruxish промахивается

Snorunt Snorunt использует Headbutt. 
Bruxish Bruxish теряет 3 здоровья.

Bruxish Bruxish использует WillOWisp и снижает атаку на 50%. 
Snorunt Snorunt воспламеняется

Snorunt Snorunt использует Scratch. 
Bruxish Bruxish теряет 5 здоровья.

Snorunt Snorunt теряет 11 здоровья.
Bruxish Bruxish промахивается

Snorunt Snorunt использует Bite. 
Bruxish Bruxish теряет 7 здоровья.
Bruxish Bruxish теряет сознание.
Glalie Glalie из команды красных вступает в бой!
Glalie Glalie использует Bulldoze и снижает скорость цели на 1. 
Snorunt Snorunt теряет 4 здоровья.
Snorunt Snorunt уменьшает атаку.
Snorunt Snorunt теряет сознание.
Charjabug Charjabug из команды черных вступает в бой!
Glalie Glalie использует Bulldoze и снижает скорость цели на 1. 
Charjabug Charjabug теряет 3 здоровья.
Charjabug Charjabug уменьшает атаку.

Charjabug Charjabug использует Discharge. 
Glalie Glalie теряет 8 здоровья.
Glalie Glalie парализован

Glalie Glalie использует Bulldoze и снижает скорость цели на 1. 
Критический удар!
Charjabug Charjabug теряет 10 здоровья.
Charjabug Charjabug уменьшает атаку.
Charjabug Charjabug теряет сознание.
Vikavolt Vikavolt из команды черных вступает в бой!
Vikavolt Vikavolt использует Bite. 
Glalie Glalie теряет 5 здоровья.
Glalie Glalie теряет сознание.
Grubbin Grubbin из команды красных вступает в бой!
Grubbin Grubbin использует WildCharge. 
Vikavolt Vikavolt теряет 3 здоровья.

Vikavolt Vikavolt использует Bite и flinch цель. 
Grubbin Grubbin теряет 5 здоровья.

Grubbin Grubbin теряет 11 здоровья.
В команде красных не осталось покемонов.
Команда черных побеждает в этом бою!
